
> my-v0-project@0.1.0 build
> next build

   ▲ Next.js 16.0.10 (Turbopack)

   Creating an optimized production build ...

> Build error occurred
Error: Turbopack build failed with 2 errors:
./app/admin/dashboard/page.tsx:466:6
Parsing ecmascript source code failed
[0m [90m 464 |[39m         [33m<[39m[33m/[39m[33mdiv[39m[33m>[39m
 [90m 465 |[39m       [33m<[39m[33m/[39m[33mdiv[39m[33m>[39m
[31m[1m>[22m[39m[90m 466 |[39m     [33m<[39m[33m/[39m[33mdiv[39m[33m>[39m
 [90m     |[39m      [31m[1m^[22m[39m[31m[1m^[22m[39m[31m[1m^[22m[39m[31m[1m^[22m[39m[31m[1m^[22m[39m
 [90m 467 |[39m   )
 [90m 468 |[39m }
 [90m 469 |[39m[0m

Unterminated regexp literal


./app/patient/predict/page.tsx:459:6
Parsing ecmascript source code failed
[0m [90m 457 |[39m         )}
 [90m 458 |[39m       [33m<[39m[33m/[39m[33mdiv[39m[33m>[39m
[31m[1m>[22m[39m[90m 459 |[39m     [33m<[39m[33m/[39m[33mdiv[39m[33m>[39m
 [90m     |[39m      [31m[1m^[22m[39m[31m[1m^[22m[39m[31m[1m^[22m[39m[31m[1m^[22m[39m[31m[1m^[22m[39m
 [90m 460 |[39m   )
 [90m 461 |[39m }
 [90m 462 |[39m[0m

Unterminated regexp literal


    at <unknown> (./app/admin/dashboard/page.tsx:466:6)
    at <unknown> (./app/patient/predict/page.tsx:459:6)
